[17:10:08] [main/INFO] [GradleStart]: Extra: []
[17:10:08] [main/INFO] [GradleStart]: Found and added coremod: codechicken.core.launch.CodeChickenCorePlugin
[17:10:08] [main/INFO] [GradleStart]: Found and added coremod: codechicken.nei.asm.NEICorePlugin
[17:10:08] [main/INFO] [GradleStart]: Running with arguments: [--userProperties, {}, --assetsDir, C:/Users/sxlga/.gradle/caches/minecraft/assets, --assetIndex, 1.7.10, --accessToken, {REDACTED}, --version, 1.7.10, --tweakClass, cpw.mods.fml.common.launcher.FMLTweaker, --tweakClass, net.minecraftforge.gradle.tweakers.CoremodTweaker]
[17:10:08] [main/INFO] [LaunchWrapper]: Loading tweak class name cpw.mods.fml.common.launcher.FMLTweaker
[17:10:08] [main/INFO] [LaunchWrapper]: Using primary tweak class name cpw.mods.fml.common.launcher.FMLTweaker
[17:10:08] [main/INFO] [LaunchWrapper]: Loading tweak class name net.minecraftforge.gradle.tweakers.CoremodTweaker
[17:10:08] [main/INFO] [LaunchWrapper]: Calling tweak class cpw.mods.fml.common.launcher.FMLTweaker
[17:16:36] [main/INFO] [GradleStart]: Extra: []
[17:16:36] [main/INFO] [GradleStart]: Found and added coremod: codechicken.core.launch.CodeChickenCorePlugin
[17:16:36] [main/INFO] [GradleStart]: Found and added coremod: codechicken.nei.asm.NEICorePlugin
[17:16:36] [main/INFO] [GradleStart]: Running with arguments: [--userProperties, {}, --assetsDir, C:/Users/sxlga/.gradle/caches/minecraft/assets, --assetIndex, 1.7.10, --accessToken, {REDACTED}, --version, 1.7.10, --tweakClass, cpw.mods.fml.common.launcher.FMLTweaker, --tweakClass, net.minecraftforge.gradle.tweakers.CoremodTweaker]
[17:16:36] [main/INFO] [LaunchWrapper]: Loading tweak class name cpw.mods.fml.common.launcher.FMLTweaker
[17:16:36] [main/INFO] [LaunchWrapper]: Using primary tweak class name cpw.mods.fml.common.launcher.FMLTweaker
[17:16:36] [main/INFO] [LaunchWrapper]: Loading tweak class name net.minecraftforge.gradle.tweakers.CoremodTweaker
[17:16:36] [main/INFO] [LaunchWrapper]: Calling tweak class cpw.mods.fml.common.launcher.FMLTweaker
[17:29:13] [main/INFO] [GradleStart]: Extra: []
[17:29:13] [main/INFO] [GradleStart]: Found and added coremod: codechicken.core.launch.CodeChickenCorePlugin
[17:29:13] [main/INFO] [GradleStart]: Found and added coremod: codechicken.nei.asm.NEICorePlugin
[17:29:13] [main/INFO] [GradleStart]: Running with arguments: [--userProperties, {}, --assetsDir, C:/Users/sxlga/.gradle/caches/minecraft/assets, --assetIndex, 1.7.10, --accessToken, {REDACTED}, --version, 1.7.10, --tweakClass, cpw.mods.fml.common.launcher.FMLTweaker, --tweakClass, net.minecraftforge.gradle.tweakers.CoremodTweaker]
[17:29:13] [main/INFO] [LaunchWrapper]: Loading tweak class name cpw.mods.fml.common.launcher.FMLTweaker
[17:29:13] [main/INFO] [LaunchWrapper]: Using primary tweak class name cpw.mods.fml.common.launcher.FMLTweaker
[17:29:13] [main/INFO] [LaunchWrapper]: Loading tweak class name net.minecraftforge.gradle.tweakers.CoremodTweaker
[17:29:13] [main/INFO] [LaunchWrapper]: Calling tweak class cpw.mods.fml.common.launcher.FMLTweaker
[17:30:37] [main/INFO] [GradleStart]: Extra: []
[17:30:38] [main/INFO] [GradleStart]: Running with arguments: [--userProperties, {}, --assetsDir, C:/Users/sxlga/.gradle/caches/minecraft/assets, --assetIndex, 1.7.10, --accessToken, {REDACTED}, --version, 1.7.10, --tweakClass, cpw.mods.fml.common.launcher.FMLTweaker, --tweakClass, net.minecraftforge.gradle.tweakers.CoremodTweaker]
[17:30:38] [main/INFO] [LaunchWrapper]: Loading tweak class name cpw.mods.fml.common.launcher.FMLTweaker
[17:30:38] [main/INFO] [LaunchWrapper]: Using primary tweak class name cpw.mods.fml.common.launcher.FMLTweaker
[17:30:38] [main/INFO] [LaunchWrapper]: Loading tweak class name net.minecraftforge.gradle.tweakers.CoremodTweaker
[17:30:38] [main/INFO] [LaunchWrapper]: Calling tweak class cpw.mods.fml.common.launcher.FMLTweaker
[13:33:54] [main/INFO] [GradleStart]: Extra: []
[13:33:54] [main/INFO] [GradleStart]: Found and added coremod: squeek.applecore.AppleCore
[13:33:54] [main/INFO] [GradleStart]: Found and added coremod: appeng.transformer.AppEngCore
[13:33:54] [main/INFO] [GradleStart]: Running with arguments: [--userProperties, {}, --assetsDir, C:/Users/sxlga/.gradle/caches/minecraft/assets, --assetIndex, 1.7.10, --accessToken, {REDACTED}, --version, 1.7.10, --tweakClass, cpw.mods.fml.common.launcher.FMLTweaker, --tweakClass, net.minecraftforge.gradle.tweakers.CoremodTweaker]
[13:33:54] [main/INFO] [LaunchWrapper]: Loading tweak class name cpw.mods.fml.common.launcher.FMLTweaker
[13:33:54] [main/INFO] [LaunchWrapper]: Using primary tweak class name cpw.mods.fml.common.launcher.FMLTweaker
[13:33:54] [main/INFO] [LaunchWrapper]: Loading tweak class name net.minecraftforge.gradle.tweakers.CoremodTweaker
[13:33:54] [main/INFO] [LaunchWrapper]: Calling tweak class cpw.mods.fml.common.launcher.FMLTweaker
[21:39:34] [main/INFO] [GradleStart]: Extra: []
[21:39:34] [main/INFO] [GradleStart]: Found and added coremod: com.brandon3055.brandonscore.asm.LoadingPlugin
[21:39:34] [main/INFO] [GradleStart]: Found and added coremod: gtPlusPlus.preloader.asm.Preloader_FMLLoadingPlugin
[21:39:34] [main/INFO] [GradleStart]: Found and added coremod: squeek.applecore.AppleCore
[21:39:34] [main/INFO] [GradleStart]: Found and added coremod: appeng.transformer.AppEngCore
[21:39:34] [main/INFO] [GradleStart]: Found and added coremod: aroma1997.core.coremod.CoreMod
[21:39:34] [main/INFO] [GradleStart]: Found and added coremod: net.elnounch.mc.biggerpacketsplz.BiggerPacketsPlzCoreMod
[21:39:34] [main/INFO] [GradleStart]: Found and added coremod: codechicken.core.launch.CodeChickenCorePlugin
[21:39:34] [main/INFO] [GradleStart]: Found and added coremod: codechicken.core.launch.DepLoader
[21:39:34] [main/INFO] [GradleStart]: Found and added coremod: net.blay09.mods.craftingtweaks.coremod.CraftingTweaksLoadingPlugin
[21:39:34] [main/INFO] [GradleStart]: Found and added coremod: farseek.core.FarseekCoreMod
[21:39:34] [main/INFO] [GradleStart]: Found and added coremod: lumien.hardcoredarkness.asm.LoadingPlugin
[21:39:34] [main/INFO] [GradleStart]: Found and added coremod: ic2.core.coremod.IC2core
[21:39:34] [main/INFO] [GradleStart]: Found and added coremod: info.inpureprojects.core.Preloader.INpurePreLoader
[21:39:34] [main/INFO] [GradleStart]: Found and added coremod: invtweaks.forge.asm.FMLPlugin
[21:39:34] [main/INFO] [GradleStart]: Found and added coremod: net.malisis.core.asm.MalisisCorePlugin
[21:39:34] [main/INFO] [GradleStart]: Found and added coremod: ru.fewizz.idextender.IEPlugin
[21:39:34] [main/INFO] [GradleStart]: Found and added coremod: codechicken.nei.asm.NEICorePlugin
[21:39:34] [main/INFO] [GradleStart]: Found and added coremod: openblocks.OpenBlocksCorePlugin
[21:39:34] [main/INFO] [GradleStart]: Found and added coremod: li.cil.oc.common.launch.TransformerLoader
[21:39:34] [main/INFO] [GradleStart]: Found and added coremod: openmods.core.OpenModsCorePlugin
[21:39:34] [main/INFO] [GradleStart]: Found and added coremod: lumien.perfectspawn.Transformer.PSLoadingPlugin
[21:39:34] [main/INFO] [GradleStart]: Found and added coremod: codechicken.core.launch.DepLoader
[21:39:34] [main/INFO] [GradleStart]: Found and added coremod: lumien.randomthings.Transformer.RTLoadingPlugin
[21:39:34] [main/INFO] [GradleStart]: Found and added coremod: cr0s.warpdrive.core.FMLLoadingPlugin
[21:39:34] [main/INFO] [GradleStart]: Found and added coremod: codechicken.nei.asm.NEICorePlugin
[21:39:34] [main/INFO] [GradleStart]: Running with arguments: [--userProperties, {}, --assetsDir, C:/Users/sxlga/.gradle/caches/minecraft/assets, --assetIndex, 1.7.10, --accessToken, {REDACTED}, --version, 1.7.10, --tweakClass, cpw.mods.fml.common.launcher.FMLTweaker, --tweakClass, net.minecraftforge.gradle.tweakers.CoremodTweaker]
[21:39:34] [main/INFO] [LaunchWrapper]: Loading tweak class name cpw.mods.fml.common.launcher.FMLTweaker
[21:39:34] [main/INFO] [LaunchWrapper]: Using primary tweak class name cpw.mods.fml.common.launcher.FMLTweaker
[21:39:34] [main/INFO] [LaunchWrapper]: Loading tweak class name net.minecraftforge.gradle.tweakers.CoremodTweaker
[21:39:34] [main/INFO] [LaunchWrapper]: Calling tweak class cpw.mods.fml.common.launcher.FMLTweaker
[21:40:41] [main/INFO] [GradleStart]: Extra: []
[21:40:41] [main/INFO] [GradleStart]: Found and added coremod: com.brandon3055.brandonscore.asm.LoadingPlugin
[21:40:41] [main/INFO] [GradleStart]: Found and added coremod: gtPlusPlus.preloader.asm.Preloader_FMLLoadingPlugin
[21:40:41] [main/INFO] [GradleStart]: Found and added coremod: squeek.applecore.AppleCore
[21:40:41] [main/INFO] [GradleStart]: Found and added coremod: appeng.transformer.AppEngCore
[21:40:41] [main/INFO] [GradleStart]: Found and added coremod: aroma1997.core.coremod.CoreMod
[21:40:41] [main/INFO] [GradleStart]: Found and added coremod: net.elnounch.mc.biggerpacketsplz.BiggerPacketsPlzCoreMod
[21:40:41] [main/INFO] [GradleStart]: Found and added coremod: codechicken.core.launch.CodeChickenCorePlugin
[21:40:41] [main/INFO] [GradleStart]: Found and added coremod: codechicken.core.launch.DepLoader
[21:40:41] [main/INFO] [GradleStart]: Found and added coremod: net.blay09.mods.craftingtweaks.coremod.CraftingTweaksLoadingPlugin
[21:40:41] [main/INFO] [GradleStart]: Found and added coremod: farseek.core.FarseekCoreMod
[21:40:41] [main/INFO] [GradleStart]: Found and added coremod: lumien.hardcoredarkness.asm.LoadingPlugin
[21:40:41] [main/INFO] [GradleStart]: Found and added coremod: ic2.core.coremod.IC2core
[21:40:41] [main/INFO] [GradleStart]: Found and added coremod: info.inpureprojects.core.Preloader.INpurePreLoader
[21:40:41] [main/INFO] [GradleStart]: Found and added coremod: invtweaks.forge.asm.FMLPlugin
[21:40:41] [main/INFO] [GradleStart]: Found and added coremod: net.malisis.core.asm.MalisisCorePlugin
[21:40:41] [main/INFO] [GradleStart]: Found and added coremod: ru.fewizz.idextender.IEPlugin
[21:40:41] [main/INFO] [GradleStart]: Found and added coremod: codechicken.nei.asm.NEICorePlugin
[21:40:41] [main/INFO] [GradleStart]: Found and added coremod: openblocks.OpenBlocksCorePlugin
[21:40:41] [main/INFO] [GradleStart]: Found and added coremod: li.cil.oc.common.launch.TransformerLoader
[21:40:41] [main/INFO] [GradleStart]: Found and added coremod: openmods.core.OpenModsCorePlugin
[21:40:41] [main/INFO] [GradleStart]: Found and added coremod: lumien.perfectspawn.Transformer.PSLoadingPlugin
[21:40:41] [main/INFO] [GradleStart]: Found and added coremod: codechicken.core.launch.DepLoader
[21:40:41] [main/INFO] [GradleStart]: Found and added coremod: lumien.randomthings.Transformer.RTLoadingPlugin
[21:40:41] [main/INFO] [GradleStart]: Found and added coremod: cr0s.warpdrive.core.FMLLoadingPlugin
[21:40:41] [main/INFO] [GradleStart]: Found and added coremod: codechicken.nei.asm.NEICorePlugin
[21:40:41] [main/INFO] [GradleStart]: Running with arguments: [--userProperties, {}, --assetsDir, C:/Users/sxlga/.gradle/caches/minecraft/assets, --assetIndex, 1.7.10, --accessToken, {REDACTED}, --version, 1.7.10, --tweakClass, cpw.mods.fml.common.launcher.FMLTweaker, --tweakClass, net.minecraftforge.gradle.tweakers.CoremodTweaker]
[21:40:41] [main/INFO] [LaunchWrapper]: Loading tweak class name cpw.mods.fml.common.launcher.FMLTweaker
[21:40:41] [main/INFO] [LaunchWrapper]: Using primary tweak class name cpw.mods.fml.common.launcher.FMLTweaker
[21:40:41] [main/INFO] [LaunchWrapper]: Loading tweak class name net.minecraftforge.gradle.tweakers.CoremodTweaker
[21:40:41] [main/INFO] [LaunchWrapper]: Calling tweak class cpw.mods.fml.common.launcher.FMLTweaker
[21:42:06] [main/INFO] [GradleStart]: Extra: []
[21:42:06] [main/INFO] [GradleStart]: Found and added coremod: com.brandon3055.brandonscore.asm.LoadingPlugin
[21:42:06] [main/INFO] [GradleStart]: Found and added coremod: gtPlusPlus.preloader.asm.Preloader_FMLLoadingPlugin
[21:42:06] [main/INFO] [GradleStart]: Found and added coremod: squeek.applecore.AppleCore
[21:42:06] [main/INFO] [GradleStart]: Found and added coremod: appeng.transformer.AppEngCore
[21:42:06] [main/INFO] [GradleStart]: Found and added coremod: aroma1997.core.coremod.CoreMod
[21:42:06] [main/INFO] [GradleStart]: Found and added coremod: net.elnounch.mc.biggerpacketsplz.BiggerPacketsPlzCoreMod
[21:42:06] [main/INFO] [GradleStart]: Found and added coremod: codechicken.core.launch.CodeChickenCorePlugin
[21:42:06] [main/INFO] [GradleStart]: Found and added coremod: codechicken.core.launch.DepLoader
[21:42:06] [main/INFO] [GradleStart]: Found and added coremod: net.blay09.mods.craftingtweaks.coremod.CraftingTweaksLoadingPlugin
[21:42:06] [main/INFO] [GradleStart]: Found and added coremod: farseek.core.FarseekCoreMod
[21:42:06] [main/INFO] [GradleStart]: Found and added coremod: lumien.hardcoredarkness.asm.LoadingPlugin
[21:42:06] [main/INFO] [GradleStart]: Found and added coremod: ic2.core.coremod.IC2core
[21:42:06] [main/INFO] [GradleStart]: Found and added coremod: info.inpureprojects.core.Preloader.INpurePreLoader
[21:42:06] [main/INFO] [GradleStart]: Found and added coremod: invtweaks.forge.asm.FMLPlugin
[21:42:06] [main/INFO] [GradleStart]: Found and added coremod: net.malisis.core.asm.MalisisCorePlugin
[21:42:06] [main/INFO] [GradleStart]: Found and added coremod: ru.fewizz.idextender.IEPlugin
[21:42:06] [main/INFO] [GradleStart]: Found and added coremod: codechicken.nei.asm.NEICorePlugin
[21:42:06] [main/INFO] [GradleStart]: Found and added coremod: openblocks.OpenBlocksCorePlugin
[21:42:06] [main/INFO] [GradleStart]: Found and added coremod: li.cil.oc.common.launch.TransformerLoader
[21:42:06] [main/INFO] [GradleStart]: Found and added coremod: openmods.core.OpenModsCorePlugin
[21:42:06] [main/INFO] [GradleStart]: Found and added coremod: codechicken.core.launch.DepLoader
[21:42:06] [main/INFO] [GradleStart]: Found and added coremod: lumien.randomthings.Transformer.RTLoadingPlugin
[21:42:06] [main/INFO] [GradleStart]: Found and added coremod: cr0s.warpdrive.core.FMLLoadingPlugin
[21:42:06] [main/INFO] [GradleStart]: Found and added coremod: codechicken.nei.asm.NEICorePlugin
[21:42:06] [main/INFO] [GradleStart]: Running with arguments: [--userProperties, {}, --assetsDir, C:/Users/sxlga/.gradle/caches/minecraft/assets, --assetIndex, 1.7.10, --accessToken, {REDACTED}, --version, 1.7.10, --tweakClass, cpw.mods.fml.common.launcher.FMLTweaker, --tweakClass, net.minecraftforge.gradle.tweakers.CoremodTweaker]
[21:42:06] [main/INFO] [LaunchWrapper]: Loading tweak class name cpw.mods.fml.common.launcher.FMLTweaker
[21:42:06] [main/INFO] [LaunchWrapper]: Using primary tweak class name cpw.mods.fml.common.launcher.FMLTweaker
[21:42:06] [main/INFO] [LaunchWrapper]: Loading tweak class name net.minecraftforge.gradle.tweakers.CoremodTweaker
[21:42:06] [main/INFO] [LaunchWrapper]: Calling tweak class cpw.mods.fml.common.launcher.FMLTweaker
[21:43:20] [main/INFO] [GradleStart]: Extra: []
[21:43:20] [main/INFO] [GradleStart]: Found and added coremod: com.brandon3055.brandonscore.asm.LoadingPlugin
[21:43:20] [main/INFO] [GradleStart]: Found and added coremod: gtPlusPlus.preloader.asm.Preloader_FMLLoadingPlugin
[21:43:21] [main/INFO] [GradleStart]: Found and added coremod: squeek.applecore.AppleCore
[21:43:21] [main/INFO] [GradleStart]: Found and added coremod: appeng.transformer.AppEngCore
[21:43:21] [main/INFO] [GradleStart]: Found and added coremod: aroma1997.core.coremod.CoreMod
[21:43:21] [main/INFO] [GradleStart]: Found and added coremod: net.elnounch.mc.biggerpacketsplz.BiggerPacketsPlzCoreMod
[21:43:21] [main/INFO] [GradleStart]: Found and added coremod: codechicken.core.launch.CodeChickenCorePlugin
[21:43:21] [main/INFO] [GradleStart]: Found and added coremod: codechicken.core.launch.DepLoader
[21:43:21] [main/INFO] [GradleStart]: Found and added coremod: net.blay09.mods.craftingtweaks.coremod.CraftingTweaksLoadingPlugin
[21:43:21] [main/INFO] [GradleStart]: Found and added coremod: farseek.core.FarseekCoreMod
[21:43:21] [main/INFO] [GradleStart]: Found and added coremod: lumien.hardcoredarkness.asm.LoadingPlugin
[21:43:21] [main/INFO] [GradleStart]: Found and added coremod: ic2.core.coremod.IC2core
[21:43:21] [main/INFO] [GradleStart]: Found and added coremod: info.inpureprojects.core.Preloader.INpurePreLoader
[21:43:21] [main/INFO] [GradleStart]: Found and added coremod: invtweaks.forge.asm.FMLPlugin
[21:43:21] [main/INFO] [GradleStart]: Found and added coremod: net.malisis.core.asm.MalisisCorePlugin
[21:43:21] [main/INFO] [GradleStart]: Found and added coremod: ru.fewizz.idextender.IEPlugin
[21:43:21] [main/INFO] [GradleStart]: Found and added coremod: codechicken.nei.asm.NEICorePlugin
[21:43:21] [main/INFO] [GradleStart]: Found and added coremod: openblocks.OpenBlocksCorePlugin
[21:43:21] [main/INFO] [GradleStart]: Found and added coremod: li.cil.oc.common.launch.TransformerLoader
[21:43:21] [main/INFO] [GradleStart]: Found and added coremod: openmods.core.OpenModsCorePlugin
[21:43:21] [main/INFO] [GradleStart]: Found and added coremod: codechicken.core.launch.DepLoader
[21:43:21] [main/INFO] [GradleStart]: Found and added coremod: cr0s.warpdrive.core.FMLLoadingPlugin
[21:43:21] [main/INFO] [GradleStart]: Found and added coremod: codechicken.nei.asm.NEICorePlugin
[21:43:21] [main/INFO] [GradleStart]: Running with arguments: [--userProperties, {}, --assetsDir, C:/Users/sxlga/.gradle/caches/minecraft/assets, --assetIndex, 1.7.10, --accessToken, {REDACTED}, --version, 1.7.10, --tweakClass, cpw.mods.fml.common.launcher.FMLTweaker, --tweakClass, net.minecraftforge.gradle.tweakers.CoremodTweaker]
[21:43:21] [main/INFO] [LaunchWrapper]: Loading tweak class name cpw.mods.fml.common.launcher.FMLTweaker
[21:43:21] [main/INFO] [LaunchWrapper]: Using primary tweak class name cpw.mods.fml.common.launcher.FMLTweaker
[21:43:21] [main/INFO] [LaunchWrapper]: Loading tweak class name net.minecraftforge.gradle.tweakers.CoremodTweaker
[21:43:21] [main/INFO] [LaunchWrapper]: Calling tweak class cpw.mods.fml.common.launcher.FMLTweaker
[22:04:24] [main/INFO] [GradleStart]: Extra: []
[22:04:24] [main/INFO] [GradleStart]: Found and added coremod: com.brandon3055.brandonscore.asm.LoadingPlugin
[22:04:24] [main/INFO] [GradleStart]: Found and added coremod: gtPlusPlus.preloader.asm.Preloader_FMLLoadingPlugin
[22:04:24] [main/INFO] [GradleStart]: Found and added coremod: squeek.applecore.AppleCore
[22:04:24] [main/INFO] [GradleStart]: Found and added coremod: appeng.transformer.AppEngCore
[22:04:24] [main/INFO] [GradleStart]: Found and added coremod: aroma1997.core.coremod.CoreMod
[22:04:24] [main/INFO] [GradleStart]: Found and added coremod: net.elnounch.mc.biggerpacketsplz.BiggerPacketsPlzCoreMod
[22:04:24] [main/INFO] [GradleStart]: Found and added coremod: codechicken.core.launch.CodeChickenCorePlugin
[22:04:24] [main/INFO] [GradleStart]: Found and added coremod: codechicken.core.launch.DepLoader
[22:04:24] [main/INFO] [GradleStart]: Found and added coremod: net.blay09.mods.craftingtweaks.coremod.CraftingTweaksLoadingPlugin
[22:04:24] [main/INFO] [GradleStart]: Found and added coremod: farseek.core.FarseekCoreMod
[22:04:24] [main/INFO] [GradleStart]: Found and added coremod: lumien.hardcoredarkness.asm.LoadingPlugin
[22:04:24] [main/INFO] [GradleStart]: Found and added coremod: ic2.core.coremod.IC2core
[22:04:24] [main/INFO] [GradleStart]: Found and added coremod: info.inpureprojects.core.Preloader.INpurePreLoader
[22:04:24] [main/INFO] [GradleStart]: Found and added coremod: invtweaks.forge.asm.FMLPlugin
[22:04:24] [main/INFO] [GradleStart]: Found and added coremod: net.malisis.core.asm.MalisisCorePlugin
[22:04:24] [main/INFO] [GradleStart]: Found and added coremod: ru.fewizz.idextender.IEPlugin
[22:04:24] [main/INFO] [GradleStart]: Found and added coremod: codechicken.nei.asm.NEICorePlugin
[22:04:24] [main/INFO] [GradleStart]: Found and added coremod: openblocks.OpenBlocksCorePlugin
[22:04:24] [main/INFO] [GradleStart]: Found and added coremod: li.cil.oc.common.launch.TransformerLoader
[22:04:24] [main/INFO] [GradleStart]: Found and added coremod: openmods.core.OpenModsCorePlugin
[22:04:24] [main/INFO] [GradleStart]: Found and added coremod: lumien.perfectspawn.Transformer.PSLoadingPlugin
[22:04:24] [main/INFO] [GradleStart]: Found and added coremod: codechicken.core.launch.DepLoader
[22:04:24] [main/INFO] [GradleStart]: Found and added coremod: lumien.randomthings.Transformer.RTLoadingPlugin
[22:04:24] [main/INFO] [GradleStart]: Found and added coremod: cr0s.warpdrive.core.FMLLoadingPlugin
[22:04:24] [main/INFO] [GradleStart]: Found and added coremod: codechicken.nei.asm.NEICorePlugin
[22:04:24] [main/INFO] [GradleStart]: Running with arguments: [--userProperties, {}, --assetsDir, C:/Users/sxlga/.gradle/caches/minecraft/assets, --assetIndex, 1.7.10, --accessToken, {REDACTED}, --version, 1.7.10, --tweakClass, cpw.mods.fml.common.launcher.FMLTweaker, --tweakClass, net.minecraftforge.gradle.tweakers.CoremodTweaker]
[22:04:25] [main/INFO] [LaunchWrapper]: Loading tweak class name cpw.mods.fml.common.launcher.FMLTweaker
[22:04:25] [main/INFO] [LaunchWrapper]: Using primary tweak class name cpw.mods.fml.common.launcher.FMLTweaker
[22:04:25] [main/INFO] [LaunchWrapper]: Loading tweak class name net.minecraftforge.gradle.tweakers.CoremodTweaker
[22:04:25] [main/INFO] [LaunchWrapper]: Calling tweak class cpw.mods.fml.common.launcher.FMLTweaker
[22:15:18] [main/INFO] [GradleStart]: Extra: []
[22:15:18] [main/INFO] [GradleStart]: Found and added coremod: com.brandon3055.brandonscore.asm.LoadingPlugin
[22:15:18] [main/INFO] [GradleStart]: Found and added coremod: gtPlusPlus.preloader.asm.Preloader_FMLLoadingPlugin
[22:15:18] [main/INFO] [GradleStart]: Found and added coremod: squeek.applecore.AppleCore
[22:15:18] [main/INFO] [GradleStart]: Found and added coremod: appeng.transformer.AppEngCore
[22:15:18] [main/INFO] [GradleStart]: Found and added coremod: aroma1997.core.coremod.CoreMod
[22:15:18] [main/INFO] [GradleStart]: Found and added coremod: net.elnounch.mc.biggerpacketsplz.BiggerPacketsPlzCoreMod
[22:15:18] [main/INFO] [GradleStart]: Found and added coremod: codechicken.core.launch.CodeChickenCorePlugin
[22:15:18] [main/INFO] [GradleStart]: Found and added coremod: codechicken.core.launch.DepLoader
[22:15:18] [main/INFO] [GradleStart]: Found and added coremod: net.blay09.mods.craftingtweaks.coremod.CraftingTweaksLoadingPlugin
[22:15:18] [main/INFO] [GradleStart]: Found and added coremod: farseek.core.FarseekCoreMod
[22:15:18] [main/INFO] [GradleStart]: Found and added coremod: lumien.hardcoredarkness.asm.LoadingPlugin
[22:15:18] [main/INFO] [GradleStart]: Found and added coremod: ic2.core.coremod.IC2core
[22:15:18] [main/INFO] [GradleStart]: Found and added coremod: info.inpureprojects.core.Preloader.INpurePreLoader
[22:15:18] [main/INFO] [GradleStart]: Found and added coremod: invtweaks.forge.asm.FMLPlugin
[22:15:18] [main/INFO] [GradleStart]: Found and added coremod: net.malisis.core.asm.MalisisCorePlugin
[22:15:18] [main/INFO] [GradleStart]: Found and added coremod: ru.fewizz.idextender.IEPlugin
[22:15:18] [main/INFO] [GradleStart]: Found and added coremod: codechicken.nei.asm.NEICorePlugin
[22:15:18] [main/INFO] [GradleStart]: Found and added coremod: openblocks.OpenBlocksCorePlugin
[22:15:18] [main/INFO] [GradleStart]: Found and added coremod: li.cil.oc.common.launch.TransformerLoader
[22:15:18] [main/INFO] [GradleStart]: Found and added coremod: openmods.core.OpenModsCorePlugin
[22:15:18] [main/INFO] [GradleStart]: Found and added coremod: lumien.perfectspawn.Transformer.PSLoadingPlugin
[22:15:18] [main/INFO] [GradleStart]: Found and added coremod: codechicken.core.launch.DepLoader
[22:15:18] [main/INFO] [GradleStart]: Found and added coremod: lumien.randomthings.Transformer.RTLoadingPlugin
[22:15:18] [main/INFO] [GradleStart]: Found and added coremod: cr0s.warpdrive.core.FMLLoadingPlugin
[22:15:18] [main/INFO] [GradleStart]: Found and added coremod: codechicken.nei.asm.NEICorePlugin
[22:15:18] [main/INFO] [GradleStart]: Running with arguments: [--userProperties, {}, --assetsDir, C:/Users/sxlga/.gradle/caches/minecraft/assets, --assetIndex, 1.7.10, --accessToken, {REDACTED}, --version, 1.7.10, --tweakClass, cpw.mods.fml.common.launcher.FMLTweaker, --tweakClass, net.minecraftforge.gradle.tweakers.CoremodTweaker]
[22:15:18] [main/INFO] [LaunchWrapper]: Loading tweak class name cpw.mods.fml.common.launcher.FMLTweaker
[22:15:18] [main/INFO] [LaunchWrapper]: Using primary tweak class name cpw.mods.fml.common.launcher.FMLTweaker
[22:15:18] [main/INFO] [LaunchWrapper]: Loading tweak class name net.minecraftforge.gradle.tweakers.CoremodTweaker
[22:15:18] [main/INFO] [LaunchWrapper]: Calling tweak class cpw.mods.fml.common.launcher.FMLTweaker
[12:44:47] [main/INFO] [GradleStart]: Extra: []
[12:44:47] [main/INFO] [GradleStart]: Found and added coremod: com.brandon3055.brandonscore.asm.LoadingPlugin
[12:44:47] [main/INFO] [GradleStart]: Found and added coremod: gtPlusPlus.preloader.asm.Preloader_FMLLoadingPlugin
[12:44:47] [main/INFO] [GradleStart]: Found and added coremod: squeek.applecore.AppleCore
[12:44:47] [main/INFO] [GradleStart]: Found and added coremod: appeng.transformer.AppEngCore
[12:44:47] [main/INFO] [GradleStart]: Found and added coremod: aroma1997.core.coremod.CoreMod
[12:44:47] [main/INFO] [GradleStart]: Found and added coremod: net.elnounch.mc.biggerpacketsplz.BiggerPacketsPlzCoreMod
[12:44:47] [main/INFO] [GradleStart]: Found and added coremod: codechicken.core.launch.CodeChickenCorePlugin
[12:44:47] [main/INFO] [GradleStart]: Found and added coremod: codechicken.core.launch.DepLoader
[12:44:47] [main/INFO] [GradleStart]: Found and added coremod: net.blay09.mods.craftingtweaks.coremod.CraftingTweaksLoadingPlugin
[12:44:47] [main/INFO] [GradleStart]: Found and added coremod: farseek.core.FarseekCoreMod
[12:44:47] [main/INFO] [GradleStart]: Found and added coremod: lumien.hardcoredarkness.asm.LoadingPlugin
[12:44:47] [main/INFO] [GradleStart]: Found and added coremod: ic2.core.coremod.IC2core
[12:44:47] [main/INFO] [GradleStart]: Found and added coremod: info.inpureprojects.core.Preloader.INpurePreLoader
[12:44:47] [main/INFO] [GradleStart]: Found and added coremod: invtweaks.forge.asm.FMLPlugin
[12:44:47] [main/INFO] [GradleStart]: Found and added coremod: net.malisis.core.asm.MalisisCorePlugin
[12:44:47] [main/INFO] [GradleStart]: Found and added coremod: ru.fewizz.idextender.IEPlugin
[12:44:47] [main/INFO] [GradleStart]: Found and added coremod: codechicken.nei.asm.NEICorePlugin
[12:44:47] [main/INFO] [GradleStart]: Found and added coremod: openblocks.OpenBlocksCorePlugin
[12:44:47] [main/INFO] [GradleStart]: Found and added coremod: li.cil.oc.common.launch.TransformerLoader
[12:44:47] [main/INFO] [GradleStart]: Found and added coremod: openmods.core.OpenModsCorePlugin
[12:44:47] [main/INFO] [GradleStart]: Found and added coremod: lumien.perfectspawn.Transformer.PSLoadingPlugin
[12:44:47] [main/INFO] [GradleStart]: Found and added coremod: codechicken.core.launch.DepLoader
[12:44:47] [main/INFO] [GradleStart]: Found and added coremod: lumien.randomthings.Transformer.RTLoadingPlugin
[12:44:47] [main/INFO] [GradleStart]: Found and added coremod: cr0s.warpdrive.core.FMLLoadingPlugin
[12:44:47] [main/INFO] [GradleStart]: Found and added coremod: codechicken.nei.asm.NEICorePlugin
[12:44:47] [main/INFO] [GradleStart]: Running with arguments: [--userProperties, {}, --assetsDir, C:/Users/sxlga/.gradle/caches/minecraft/assets, --assetIndex, 1.7.10, --accessToken, {REDACTED}, --version, 1.7.10, --tweakClass, cpw.mods.fml.common.launcher.FMLTweaker, --tweakClass, net.minecraftforge.gradle.tweakers.CoremodTweaker]
[12:44:47] [main/INFO] [LaunchWrapper]: Loading tweak class name cpw.mods.fml.common.launcher.FMLTweaker
[12:44:47] [main/INFO] [LaunchWrapper]: Using primary tweak class name cpw.mods.fml.common.launcher.FMLTweaker
[12:44:47] [main/INFO] [LaunchWrapper]: Loading tweak class name net.minecraftforge.gradle.tweakers.CoremodTweaker
[12:44:47] [main/INFO] [LaunchWrapper]: Calling tweak class cpw.mods.fml.common.launcher.FMLTweaker
[12:50:00] [main/INFO] [GradleStart]: Extra: []
[12:50:00] [main/INFO] [GradleStart]: Found and added coremod: com.brandon3055.brandonscore.asm.LoadingPlugin
[12:50:00] [main/INFO] [GradleStart]: Found and added coremod: gtPlusPlus.preloader.asm.Preloader_FMLLoadingPlugin
[12:50:00] [main/INFO] [GradleStart]: Found and added coremod: squeek.applecore.AppleCore
[12:50:00] [main/INFO] [GradleStart]: Found and added coremod: appeng.transformer.AppEngCore
[12:50:00] [main/INFO] [GradleStart]: Found and added coremod: aroma1997.core.coremod.CoreMod
[12:50:00] [main/INFO] [GradleStart]: Found and added coremod: net.elnounch.mc.biggerpacketsplz.BiggerPacketsPlzCoreMod
[12:50:00] [main/INFO] [GradleStart]: Found and added coremod: codechicken.core.launch.CodeChickenCorePlugin
[12:50:00] [main/INFO] [GradleStart]: Found and added coremod: codechicken.core.launch.DepLoader
[12:50:00] [main/INFO] [GradleStart]: Found and added coremod: net.blay09.mods.craftingtweaks.coremod.CraftingTweaksLoadingPlugin
[12:50:00] [main/INFO] [GradleStart]: Found and added coremod: farseek.core.FarseekCoreMod
[12:50:00] [main/INFO] [GradleStart]: Found and added coremod: lumien.hardcoredarkness.asm.LoadingPlugin
[12:50:00] [main/INFO] [GradleStart]: Found and added coremod: ic2.core.coremod.IC2core
[12:50:00] [main/INFO] [GradleStart]: Found and added coremod: info.inpureprojects.core.Preloader.INpurePreLoader
[12:50:00] [main/INFO] [GradleStart]: Found and added coremod: invtweaks.forge.asm.FMLPlugin
[12:50:00] [main/INFO] [GradleStart]: Found and added coremod: net.malisis.core.asm.MalisisCorePlugin
[12:50:00] [main/INFO] [GradleStart]: Found and added coremod: ru.fewizz.idextender.IEPlugin
[12:50:00] [main/INFO] [GradleStart]: Found and added coremod: codechicken.nei.asm.NEICorePlugin
[12:50:00] [main/INFO] [GradleStart]: Found and added coremod: openblocks.OpenBlocksCorePlugin
[12:50:00] [main/INFO] [GradleStart]: Found and added coremod: li.cil.oc.common.launch.TransformerLoader
[12:50:00] [main/INFO] [GradleStart]: Found and added coremod: openmods.core.OpenModsCorePlugin
[12:50:00] [main/INFO] [GradleStart]: Found and added coremod: codechicken.core.launch.DepLoader
[12:50:00] [main/INFO] [GradleStart]: Found and added coremod: lumien.randomthings.Transformer.RTLoadingPlugin
[12:50:00] [main/INFO] [GradleStart]: Found and added coremod: cr0s.warpdrive.core.FMLLoadingPlugin
[12:50:00] [main/INFO] [GradleStart]: Found and added coremod: codechicken.nei.asm.NEICorePlugin
[12:50:00] [main/INFO] [GradleStart]: Running with arguments: [--userProperties, {}, --assetsDir, C:/Users/sxlga/.gradle/caches/minecraft/assets, --assetIndex, 1.7.10, --accessToken, {REDACTED}, --version, 1.7.10, --tweakClass, cpw.mods.fml.common.launcher.FMLTweaker, --tweakClass, net.minecraftforge.gradle.tweakers.CoremodTweaker]
[12:50:00] [main/INFO] [LaunchWrapper]: Loading tweak class name cpw.mods.fml.common.launcher.FMLTweaker
[12:50:00] [main/INFO] [LaunchWrapper]: Using primary tweak class name cpw.mods.fml.common.launcher.FMLTweaker
[12:50:00] [main/INFO] [LaunchWrapper]: Loading tweak class name net.minecraftforge.gradle.tweakers.CoremodTweaker
[12:50:00] [main/INFO] [LaunchWrapper]: Calling tweak class cpw.mods.fml.common.launcher.FMLTweaker
[12:57:06] [main/INFO] [GradleStart]: Extra: []
[12:57:06] [main/INFO] [GradleStart]: Found and added coremod: com.brandon3055.brandonscore.asm.LoadingPlugin
[12:57:06] [main/INFO] [GradleStart]: Found and added coremod: gtPlusPlus.preloader.asm.Preloader_FMLLoadingPlugin
[12:57:06] [main/INFO] [GradleStart]: Found and added coremod: squeek.applecore.AppleCore
[12:57:06] [main/INFO] [GradleStart]: Found and added coremod: appeng.transformer.AppEngCore
[12:57:06] [main/INFO] [GradleStart]: Found and added coremod: aroma1997.core.coremod.CoreMod
[12:57:06] [main/INFO] [GradleStart]: Found and added coremod: net.elnounch.mc.biggerpacketsplz.BiggerPacketsPlzCoreMod
[12:57:06] [main/INFO] [GradleStart]: Found and added coremod: codechicken.core.launch.CodeChickenCorePlugin
[12:57:06] [main/INFO] [GradleStart]: Found and added coremod: codechicken.core.launch.DepLoader
[12:57:06] [main/INFO] [GradleStart]: Found and added coremod: net.blay09.mods.craftingtweaks.coremod.CraftingTweaksLoadingPlugin
[12:57:06] [main/INFO] [GradleStart]: Found and added coremod: farseek.core.FarseekCoreMod
[12:57:06] [main/INFO] [GradleStart]: Found and added coremod: lumien.hardcoredarkness.asm.LoadingPlugin
[12:57:06] [main/INFO] [GradleStart]: Found and added coremod: ic2.core.coremod.IC2core
[12:57:06] [main/INFO] [GradleStart]: Found and added coremod: info.inpureprojects.core.Preloader.INpurePreLoader
[12:57:06] [main/INFO] [GradleStart]: Found and added coremod: invtweaks.forge.asm.FMLPlugin
[12:57:06] [main/INFO] [GradleStart]: Found and added coremod: net.malisis.core.asm.MalisisCorePlugin
[12:57:06] [main/INFO] [GradleStart]: Found and added coremod: codechicken.nei.asm.NEICorePlugin
[12:57:06] [main/INFO] [GradleStart]: Found and added coremod: openblocks.OpenBlocksCorePlugin
[12:57:06] [main/INFO] [GradleStart]: Found and added coremod: li.cil.oc.common.launch.TransformerLoader
[12:57:06] [main/INFO] [GradleStart]: Found and added coremod: openmods.core.OpenModsCorePlugin
[12:57:06] [main/INFO] [GradleStart]: Found and added coremod: codechicken.core.launch.DepLoader
[12:57:06] [main/INFO] [GradleStart]: Found and added coremod: lumien.randomthings.Transformer.RTLoadingPlugin
[12:57:06] [main/INFO] [GradleStart]: Found and added coremod: cr0s.warpdrive.core.FMLLoadingPlugin
[12:57:06] [main/INFO] [GradleStart]: Found and added coremod: codechicken.nei.asm.NEICorePlugin
[12:57:06] [main/INFO] [GradleStart]: Running with arguments: [--userProperties, {}, --assetsDir, C:/Users/sxlga/.gradle/caches/minecraft/assets, --assetIndex, 1.7.10, --accessToken, {REDACTED}, --version, 1.7.10, --tweakClass, cpw.mods.fml.common.launcher.FMLTweaker, --tweakClass, net.minecraftforge.gradle.tweakers.CoremodTweaker]
[12:57:06] [main/INFO] [LaunchWrapper]: Loading tweak class name cpw.mods.fml.common.launcher.FMLTweaker
[12:57:06] [main/INFO] [LaunchWrapper]: Using primary tweak class name cpw.mods.fml.common.launcher.FMLTweaker
[12:57:06] [main/INFO] [LaunchWrapper]: Loading tweak class name net.minecraftforge.gradle.tweakers.CoremodTweaker
[12:57:06] [main/INFO] [LaunchWrapper]: Calling tweak class cpw.mods.fml.common.launcher.FMLTweaker
[12:57:43] [main/INFO] [GradleStart]: Extra: []
[12:57:43] [main/INFO] [GradleStart]: Found and added coremod: com.brandon3055.brandonscore.asm.LoadingPlugin
[12:57:43] [main/INFO] [GradleStart]: Found and added coremod: gtPlusPlus.preloader.asm.Preloader_FMLLoadingPlugin
[12:57:43] [main/INFO] [GradleStart]: Found and added coremod: squeek.applecore.AppleCore
[12:57:43] [main/INFO] [GradleStart]: Found and added coremod: appeng.transformer.AppEngCore
[12:57:43] [main/INFO] [GradleStart]: Found and added coremod: aroma1997.core.coremod.CoreMod
[12:57:43] [main/INFO] [GradleStart]: Found and added coremod: net.elnounch.mc.biggerpacketsplz.BiggerPacketsPlzCoreMod
[12:57:43] [main/INFO] [GradleStart]: Found and added coremod: codechicken.core.launch.CodeChickenCorePlugin
[12:57:43] [main/INFO] [GradleStart]: Found and added coremod: codechicken.core.launch.DepLoader
[12:57:43] [main/INFO] [GradleStart]: Found and added coremod: net.blay09.mods.craftingtweaks.coremod.CraftingTweaksLoadingPlugin
[12:57:43] [main/INFO] [GradleStart]: Found and added coremod: farseek.core.FarseekCoreMod
[12:57:43] [main/INFO] [GradleStart]: Found and added coremod: lumien.hardcoredarkness.asm.LoadingPlugin
[12:57:43] [main/INFO] [GradleStart]: Found and added coremod: ic2.core.coremod.IC2core
[12:57:43] [main/INFO] [GradleStart]: Found and added coremod: info.inpureprojects.core.Preloader.INpurePreLoader
[12:57:43] [main/INFO] [GradleStart]: Found and added coremod: invtweaks.forge.asm.FMLPlugin
[12:57:43] [main/INFO] [GradleStart]: Found and added coremod: net.malisis.core.asm.MalisisCorePlugin
[12:57:43] [main/INFO] [GradleStart]: Found and added coremod: codechicken.nei.asm.NEICorePlugin
[12:57:43] [main/INFO] [GradleStart]: Found and added coremod: openblocks.OpenBlocksCorePlugin
[12:57:43] [main/INFO] [GradleStart]: Found and added coremod: li.cil.oc.common.launch.TransformerLoader
[12:57:43] [main/INFO] [GradleStart]: Found and added coremod: openmods.core.OpenModsCorePlugin
[12:57:43] [main/INFO] [GradleStart]: Found and added coremod: codechicken.core.launch.DepLoader
[12:57:43] [main/INFO] [GradleStart]: Found and added coremod: lumien.randomthings.Transformer.RTLoadingPlugin
[12:57:43] [main/INFO] [GradleStart]: Found and added coremod: cr0s.warpdrive.core.FMLLoadingPlugin
[12:57:43] [main/INFO] [GradleStart]: Found and added coremod: codechicken.nei.asm.NEICorePlugin
[12:57:43] [main/INFO] [GradleStart]: Running with arguments: [--userProperties, {}, --assetsDir, C:/Users/sxlga/.gradle/caches/minecraft/assets, --assetIndex, 1.7.10, --accessToken, {REDACTED}, --version, 1.7.10, --tweakClass, cpw.mods.fml.common.launcher.FMLTweaker, --tweakClass, net.minecraftforge.gradle.tweakers.CoremodTweaker]
[12:57:43] [main/INFO] [LaunchWrapper]: Loading tweak class name cpw.mods.fml.common.launcher.FMLTweaker
[12:57:43] [main/INFO] [LaunchWrapper]: Using primary tweak class name cpw.mods.fml.common.launcher.FMLTweaker
[12:57:43] [main/INFO] [LaunchWrapper]: Loading tweak class name net.minecraftforge.gradle.tweakers.CoremodTweaker
[12:57:43] [main/INFO] [LaunchWrapper]: Calling tweak class cpw.mods.fml.common.launcher.FMLTweaker
[13:02:23] [main/INFO] [GradleStart]: Extra: []
[13:02:23] [main/INFO] [GradleStart]: Found and added coremod: com.brandon3055.brandonscore.asm.LoadingPlugin
[13:02:23] [main/INFO] [GradleStart]: Found and added coremod: gtPlusPlus.preloader.asm.Preloader_FMLLoadingPlugin
[13:02:23] [main/INFO] [GradleStart]: Found and added coremod: squeek.applecore.AppleCore
[13:02:23] [main/INFO] [GradleStart]: Found and added coremod: appeng.transformer.AppEngCore
[13:02:23] [main/INFO] [GradleStart]: Found and added coremod: aroma1997.core.coremod.CoreMod
[13:02:23] [main/INFO] [GradleStart]: Found and added coremod: net.elnounch.mc.biggerpacketsplz.BiggerPacketsPlzCoreMod
[13:02:23] [main/INFO] [GradleStart]: Found and added coremod: codechicken.core.launch.CodeChickenCorePlugin
[13:02:23] [main/INFO] [GradleStart]: Found and added coremod: codechicken.core.launch.DepLoader
[13:02:23] [main/INFO] [GradleStart]: Found and added coremod: net.blay09.mods.craftingtweaks.coremod.CraftingTweaksLoadingPlugin
[13:02:23] [main/INFO] [GradleStart]: Found and added coremod: farseek.core.FarseekCoreMod
[13:02:23] [main/INFO] [GradleStart]: Found and added coremod: lumien.hardcoredarkness.asm.LoadingPlugin
[13:02:23] [main/INFO] [GradleStart]: Found and added coremod: ic2.core.coremod.IC2core
[13:02:23] [main/INFO] [GradleStart]: Found and added coremod: info.inpureprojects.core.Preloader.INpurePreLoader
[13:02:23] [main/INFO] [GradleStart]: Found and added coremod: invtweaks.forge.asm.FMLPlugin
[13:02:23] [main/INFO] [GradleStart]: Found and added coremod: net.malisis.core.asm.MalisisCorePlugin
[13:02:23] [main/INFO] [GradleStart]: Found and added coremod: codechicken.nei.asm.NEICorePlugin
[13:02:23] [main/INFO] [GradleStart]: Found and added coremod: openblocks.OpenBlocksCorePlugin
[13:02:23] [main/INFO] [GradleStart]: Found and added coremod: li.cil.oc.common.launch.TransformerLoader
[13:02:23] [main/INFO] [GradleStart]: Found and added coremod: openmods.core.OpenModsCorePlugin
[13:02:23] [main/INFO] [GradleStart]: Found and added coremod: codechicken.core.launch.DepLoader
[13:02:23] [main/INFO] [GradleStart]: Found and added coremod: cr0s.warpdrive.core.FMLLoadingPlugin
[13:02:23] [main/INFO] [GradleStart]: Found and added coremod: codechicken.nei.asm.NEICorePlugin
[13:02:23] [main/INFO] [GradleStart]: Running with arguments: [--userProperties, {}, --assetsDir, C:/Users/sxlga/.gradle/caches/minecraft/assets, --assetIndex, 1.7.10, --accessToken, {REDACTED}, --version, 1.7.10, --tweakClass, cpw.mods.fml.common.launcher.FMLTweaker, --tweakClass, net.minecraftforge.gradle.tweakers.CoremodTweaker]
[13:02:23] [main/INFO] [LaunchWrapper]: Loading tweak class name cpw.mods.fml.common.launcher.FMLTweaker
[13:02:23] [main/INFO] [LaunchWrapper]: Using primary tweak class name cpw.mods.fml.common.launcher.FMLTweaker
[13:02:23] [main/INFO] [LaunchWrapper]: Loading tweak class name net.minecraftforge.gradle.tweakers.CoremodTweaker
[13:02:23] [main/INFO] [LaunchWrapper]: Calling tweak class cpw.mods.fml.common.launcher.FMLTweaker
